<?xml version="1.0" encoding="UTF-8"?>
<!-- Generated by org.testng.reporters.JUnitReportReporter -->
<testsuite skipped="0" hostname="MS-Lenovo-PC" name="com.crm.qa.testcases.ContactsPageTest" tests="5" failures="0" timestamp="2020-09-11T09:37:50 IST" time="113.724" errors="0">
  <testcase name="verifyContactsPageLabel" time="18.850" classname="com.crm.qa.testcases.ContactsPageTest"/>
  <system-out/>
  <testcase name="selectContact" time="23.478" classname="com.crm.qa.testcases.ContactsPageTest"/>
  <system-out/>
  <testcase name="validateCreateNewContact" time="23.655" classname="com.crm.qa.testcases.ContactsPageTest"/>
  <system-out/>
  <testcase name="validateCreateNewContact" time="24.429" classname="com.crm.qa.testcases.ContactsPageTest"/>
  <system-out/>
  <testcase name="validateCreateNewContact" time="23.312" classname="com.crm.qa.testcases.ContactsPageTest"/>
  <system-out/>
</testsuite> <!-- com.crm.qa.testcases.ContactsPageTest -->
