<?xml version="1.0" encoding="UTF-8"?>
<!-- Generated by org.testng.reporters.JUnitReportReporter -->
<testsuite skipped="0" hostname="MS-Lenovo-PC" name="com.crm.qa.testdata.LoginPageTest" tests="2" failures="0" timestamp="2020-09-09T20:44:53 IST" time="28.997" errors="0">
  <testcase name="loginPageTitleTest" time="14.729" classname="com.crm.qa.testdata.LoginPageTest"/>
  <system-out/>
  <testcase name="loginTest" time="14.268" classname="com.crm.qa.testdata.LoginPageTest"/>
  <system-out/>
</testsuite> <!-- com.crm.qa.testdata.LoginPageTest -->
