<?xml version="1.0" encoding="UTF-8"?>
<!-- Generated by org.testng.reporters.JUnitReportReporter -->
<testsuite hostname="MS-Lenovo-PC" failures="0" tests="2" name="com.crm.qa.testcases.LoginPageTest" time="22.547" errors="0" timestamp="2020-09-12T10:20:48 IST" skipped="0">
  <testcase classname="com.crm.qa.testcases.LoginPageTest" name="loginPageTitleTest" time="9.798"/>
  <system-out/>
  <testcase classname="com.crm.qa.testcases.LoginPageTest" name="loginTest" time="12.749"/>
  <system-out/>
</testsuite> <!-- com.crm.qa.testcases.LoginPageTest -->
