<?xml version="1.0" encoding="UTF-8"?>
<!-- Generated by org.testng.reporters.JUnitReportReporter -->
<testsuite hostname="MS-Lenovo-PC" failures="0" tests="3" name="com.crm.qa.testcases.HomePageTest" time="44.271" errors="0" timestamp="2020-09-12T10:20:48 IST" skipped="0">
  <testcase classname="com.crm.qa.testcases.HomePageTest" name="verifyHomePageTitle" time="14.569"/>
  <system-out/>
  <testcase classname="com.crm.qa.testcases.HomePageTest" name="verifyUserNameLabel" time="14.759"/>
  <system-out/>
  <testcase classname="com.crm.qa.testcases.HomePageTest" name="clickOnContactsLinkText" time="14.943"/>
  <system-out/>
</testsuite> <!-- com.crm.qa.testcases.HomePageTest -->
